Date and time : Sun Apr 16 22:53:28 2023

Beginning of experiment classical algos 1
[LOG LEVEL log_level] [INIT] Beginning of experiment 1
[LOG LEVEL log_level] [INIT] Beginning of experiment 1.1
[LOG LEVEL log_level] [INIT] Creating environment. name : environment linear model 1
[LOG LEVEL log_level] [INIT] environment linear model 1 created
[LOG LEVEL log_level] [INIT] [END] environment linear model 1 number of epochs for evolution : 100
[LOG LEVEL log_level] [INIT] Creating linear model environment...
[LOG LEVEL log_level] [INIT] environment linear model 1 created. Linear model dimension : 1, weights : [3.000000], biases : 5.000000
[LOG LEVEL log_level] [INIT] [BEGIN] Creating individual. name : individual 1
[LOG LEVEL log_level] [INIT] [END] individual 1 created
[LOG LEVEL log_level] [INIT] [END] individual 1 number of epochs for learning : 100
[LOG LEVEL log_level] [INIT] [BEGIN] Creating universe. name : universe experiment 1.1...
[LOG LEVEL log_level] [INIT] [BEGIN] Initializing environment linear model 1
[LOG LEVEL log_level] [INFO] [EVOLVE] Creating output of environment linear model 1
[LOG LEVEL log_level] [INFO] [EVOLVE] Output of environment linear model 1 created
[LOG LEVEL log_level] [INFO] [EVOLVE] [DETAIL] [( [-473.000000] ; -1414.000000 ) ( [190.000000] ; 575.000000 ) ( [-441.000000] ; -1318.000000 ) ( [263.000000] ; 794.000000 ) ( [426.000000] ; 1283.000000 ) ( [40.000000] ; 125.000000 ) ( [-74.000000] ; -217.000000 ) ( [-328.000000] ; -979.000000 ) ( [236.000000] ; 713.000000 ) ( [-289.000000] ; -862.000000 )]
[LOG LEVEL log_level] [INIT] [END] environment linear model 1 initialized
[LOG LEVEL log_level] [INIT] [END] universe experiment 1.1 created
[LOG LEVEL log_level] [INFO] [FRAMEWORK] [BEGIN] Next step of universe 0...
[LOG LEVEL log_level] [INFO] [BEGIN] Next step of universe experiment 1.1...
[LOG LEVEL log_level] [INFO] [EVOLVE] [BEGIN] Feeding ins and outs
[LOG LEVEL log_level] [INFO] [BEGIN] Setting input of environment linear model 1
[LOG LEVEL log_level] [INFO] [END] Input of environment linear model 1. Input : flow not null
[LOG LEVEL log_level] [INFO] [BEGIN] Setting input of individual 1
[LOG LEVEL log_level] [INFO] [END] Input of individual 1 set
[LOG LEVEL log_level] [INFO] [EVOLVE] [BEGIN] Ins and outs fed
[LOG LEVEL log_level] [INFO] [BEGIN] Next step for individuals of universe experiment 1.1...
[LOG LEVEL log_level] [INFO] [BEGIN] Next step for individual 0 from universe experiment 1.1...
[LOG LEVEL log_level] [INFO] [END] Step of individual 0 from universe experiment 1.1 ended
[LOG LEVEL log_level] [INFO] [END] Step of individuals of universe experiment 1.1 ended
[LOG LEVEL log_level] [INFO] [BEGIN] Next step for environment linear model 1 from universe experiment 1.1...
[LOG LEVEL log_level] [INFO] [EVOLVE] [BEGIN] Evolving + environment linear model 1
[LOG LEVEL log_level] [INFO] [EVOLVE] Creating output of environment linear model 1
[LOG LEVEL log_level] [INFO] [EVOLVE] Output of environment linear model 1 created
[LOG LEVEL log_level] [INFO] [EVOLVE] [DETAIL] [( [256.000000] ; 773.000000 ) ( [-199.000000] ; -592.000000 ) ( [-220.000000] ; -655.000000 ) ( [-214.000000] ; -637.000000 ) ( [-59.000000] ; -172.000000 ) ( [365.000000] ; 1100.000000 ) ( [189.000000] ; 572.000000 ) ( [-56.000000] ; -163.000000 ) ( [119.000000] ; 362.000000 ) ( [-60.000000] ; -175.000000 )]
[LOG LEVEL log_level] [INFO] [EVOLVE] [END] environment linear model 1 evolved
[LOG LEVEL log_level] [INFO] [END] Step ofenvironment linear model 1 from universe experiment 1.1 ended
[LOG LEVEL log_level] [INFO] [END] Step of universe experiment 1.1 ended
[LOG LEVEL log_level] [INFO] [FRAMEWORK] [END] Step of universe 0
[LOG LEVEL log_level] [INFO] [FRAMEWORK] [BEGIN] Test
[LOG LEVEL log_level] [INIT] [BEGIN] environment linear model 1 computing 10 values...
[LOG LEVEL log_level] [INIT] [END] environment linear model 1 has computed values
[LOG LEVEL log_level] [INFO] [BEGIN] Setting input of individual 1
[LOG LEVEL log_level] [INFO] [END] Input of individual 1 set
[LOG LEVEL log_level] [INFO] [FRAMEWORK] [END] Test
[LOG LEVEL log_level] [INFO] [RESULT] nb_solutions : 1 ; solutions :       sol : 30335005489.799999 for individual 1 : 100 epochs (input : flow not null ; output : flow not null)
[30335005489.799999]
[LOG LEVEL log_level] [INFO] End of experiment 1.1
[LOG LEVEL log_level] [INIT] Beginning of experiment 1.2
[LOG LEVEL log_level] [INIT] Creating environment. name : environment linear model 2
[LOG LEVEL log_level] [INIT] environment linear model 2 created
[LOG LEVEL log_level] [INIT] [END] environment linear model 2 number of epochs for evolution : 100
[LOG LEVEL log_level] [INIT] Creating linear model environment...
[LOG LEVEL log_level] [INIT] environment linear model 2 created. Linear model dimension : 1, weights : [-14.738488], biases : -14.738488
[LOG LEVEL log_level] [INIT] [BEGIN] Creating individual. name : individual 1
[LOG LEVEL log_level] [INIT] [END] individual 1 created
[LOG LEVEL log_level] [INIT] [END] individual 1 number of epochs for learning : 100
[LOG LEVEL log_level] [INIT] [BEGIN] Creating universe. name : universe experiment 1.1...
[LOG LEVEL log_level] [INIT] [BEGIN] Initializing environment linear model 2
[LOG LEVEL log_level] [INFO] [EVOLVE] Creating output of environment linear model 2
[LOG LEVEL log_level] [INFO] [EVOLVE] Output of environment linear model 2 created
[LOG LEVEL log_level] [INFO] [EVOLVE] [DETAIL] [( [213.000000] ; -3154.036537 ) ( [-128.000000] ; 1871.788038 ) ( [-179.000000] ; 2623.450951 ) ( [-245.000000] ; 3596.191192 ) ( [319.000000] ; -4716.316317 ) ( [99.000000] ; -1473.848849 ) ( [221.000000] ; -3271.944445 ) ( [404.000000] ; -5969.087839 ) ( [439.000000] ; -6484.934936 ) ( [311.000000] ; -4598.408409 )]
[LOG LEVEL log_level] [INIT] [END] environment linear model 2 initialized
[LOG LEVEL log_level] [INIT] [END] universe experiment 1.1 created
[LOG LEVEL log_level] [INFO] [FRAMEWORK] [BEGIN] Next step of universe 0...
[LOG LEVEL log_level] [INFO] [BEGIN] Next step of universe experiment 1.1...
[LOG LEVEL log_level] [INFO] [EVOLVE] [BEGIN] Feeding ins and outs
[LOG LEVEL log_level] [INFO] [BEGIN] Setting input of environment linear model 2
[LOG LEVEL log_level] [INFO] [END] Input of environment linear model 2. Input : flow not null
[LOG LEVEL log_level] [INFO] [BEGIN] Setting input of individual 1
[LOG LEVEL log_level] [INFO] [END] Input of individual 1 set
[LOG LEVEL log_level] [INFO] [EVOLVE] [BEGIN] Ins and outs fed
[LOG LEVEL log_level] [INFO] [BEGIN] Next step for individuals of universe experiment 1.1...
[LOG LEVEL log_level] [INFO] [BEGIN] Next step for individual 0 from universe experiment 1.1...
[LOG LEVEL log_level] [INFO] [END] Step of individual 0 from universe experiment 1.1 ended
[LOG LEVEL log_level] [INFO] [END] Step of individuals of universe experiment 1.1 ended
[LOG LEVEL log_level] [INFO] [BEGIN] Next step for environment linear model 2 from universe experiment 1.1...
[LOG LEVEL log_level] [INFO] [EVOLVE] [BEGIN] Evolving + environment linear model 2
[LOG LEVEL log_level] [INFO] [EVOLVE] Creating output of environment linear model 2
[LOG LEVEL log_level] [INFO] [EVOLVE] Output of environment linear model 2 created
[LOG LEVEL log_level] [INFO] [EVOLVE] [DETAIL] [( [288.000000] ; -4259.423174 ) ( [297.000000] ; -4392.069570 ) ( [-251.000000] ; 3684.622123 ) ( [490.000000] ; -7236.597849 ) ( [-197.000000] ; 2888.743744 ) ( [-467.000000] ; 6868.135637 ) ( [-137.000000] ; 2004.434435 ) ( [-3.000000] ; 29.476977 ) ( [-247.000000] ; 3625.668169 ) ( [392.000000] ; -5792.225977 )]
[LOG LEVEL log_level] [INFO] [EVOLVE] [END] environment linear model 2 evolved
[LOG LEVEL log_level] [INFO] [END] Step ofenvironment linear model 2 from universe experiment 1.1 ended
[LOG LEVEL log_level] [INFO] [END] Step of universe experiment 1.1 ended
[LOG LEVEL log_level] [INFO] [FRAMEWORK] [END] Step of universe 0
[LOG LEVEL log_level] [INFO] End of experiment 1.1
[LOG LEVEL log_level] [INIT] End of experiment 1
End
